Using pre-set license
Built from '2021.1/staging' branch; Version is '2021.1.13f1 (a03098edbbe0) revision 10498200'; Using compiler version '192528614'; Build Type 'Release'
OS: 'Windows 10 Pro; OS build 19042.1083; Version 2009; 64bit' Language: 'en' Physical Memory: 16255 MB
BatchMode: 1, IsHumanControllingUs: 0, StartBugReporterOnCrash: 0, Is64bit: 1, IsPro: 0

 COMMAND LINE ARGUMENTS:
C:\Program Files\Unity\Hub\Editor\2021.1.13f1\Editor\Unity.exe
-adb2
-batchMode
-noUpm
-name
AssetImportWorker0
-projectPath
C:/Users/Tlamir/Documents/GitHub/HyperCasualGame/HyperCasualGame
-logFile
Logs/AssetImportWorker0.log
-srvPort
61276
Successfully changed project path to: C:/Users/Tlamir/Documents/GitHub/HyperCasualGame/HyperCasualGame
C:/Users/Tlamir/Documents/GitHub/HyperCasualGame/HyperCasualGame
Using Asset Import Pipeline V2.
Refreshing native plugins compatible for Editor in 93.65 ms, found 3 plugins.
Preloading 0 native plugins for Editor in 0.00 ms.
Initialize engine version: 2021.1.13f1 (a03098edbbe0)
[Subsystems] Discovering subsystems at path C:/Program Files/Unity/Hub/Editor/2021.1.13f1/Editor/Data/Resources/UnitySubsystems
[Subsystems] Discovering subsystems at path C:/Users/Tlamir/Documents/GitHub/HyperCasualGame/HyperCasualGame/Assets
GfxDevice: creating device client; threaded=0; jobified=0
Direct3D:
    Version:  Direct3D 11.0 [level 11.1]
    Renderer: NVIDIA GeForce GTX 1060 (ID=0x1c20)
    Vendor:   NVIDIA
    VRAM:     6052 MB
    Driver:   27.21.14.6242
Initialize mono
Mono path[0] = 'C:/Program Files/Unity/Hub/Editor/2021.1.13f1/Editor/Data/Managed'
Mono path[1] = 'C:/Program Files/Unity/Hub/Editor/2021.1.13f1/Editor/Data/MonoBleedingEdge/lib/mono/unityjit'
Mono config path = 'C:/Program Files/Unity/Hub/Editor/2021.1.13f1/Editor/Data/MonoBleedingEdge/etc'
Using monoOptions --debugger-agent=transport=dt_socket,embedding=1,server=y,suspend=n,address=127.0.0.1:56448
Begin MonoManager ReloadAssembly
Registering precompiled unity dll's ...
Register platform support module: C:/Program Files/Unity/Hub/Editor/2021.1.13f1/Editor/Data/PlaybackEngines/WebGLSupport/UnityEditor.WebGL.Extensions.dll
Register platform support module: C:/Program Files/Unity/Hub/Editor/2021.1.13f1/Editor/Data/PlaybackEngines/WindowsStandaloneSupport/UnityEditor.WindowsStandalone.Extensions.dll
Registered in 0.003619 seconds.
Native extension for WindowsStandalone target not found
Native extension for WebGL target not found
Refreshing native plugins compatible for Editor in 83.16 ms, found 3 plugins.
Preloading 0 native plugins for Editor in 0.00 ms.
Mono: successfully reloaded assembly
- Completed reload, in  2.020 seconds
Domain Reload Profiling:
	ReloadAssembly (2020ms)
		BeginReloadAssembly (69ms)
			ExecutionOrderSort (0ms)
			DisableScriptedObjects (0ms)
			BackupInstance (0ms)
			ReleaseScriptingObjects (0ms)
			CreateAndSetChildDomain (1ms)
		EndReloadAssembly (512ms)
			LoadAssemblies (66ms)
			RebuildTransferFunctionScriptingTraits (0ms)
			SetupTypeCache (175ms)
			ReleaseScriptCaches (0ms)
			RebuildScriptCaches (36ms)
			SetupLoadedEditorAssemblies (231ms)
				LogAssemblyErrors (0ms)
				InitializePlatformSupportModulesInManaged (7ms)
				SetLoadedEditorAssemblies (0ms)
				RefreshPlugins (83ms)
				BeforeProcessingInitializeOnLoad (1ms)
				ProcessInitializeOnLoadAttributes (108ms)
				ProcessInitializeOnLoadMethodAttributes (32ms)
				AfterProcessingInitializeOnLoad (0ms)
				EditorAssembliesLoaded (0ms)
			ExecutionOrderSort2 (0ms)
			AwakeInstancesAfterBackupRestoration (0ms)
Platform modules already initialized, skipping
Registering precompiled user dll's ...
Registered in 0.006921 seconds.
Begin MonoManager ReloadAssembly
Symbol file LoadedFromMemory doesn't match image C:\Users\Tlamir\Documents\GitHub\HyperCasualGame\HyperCasualGame\Library\PackageCache\com.unity.visualscripting@1.6.1\Editor\VisualScripting.Core\Dependencies\YamlDotNet\Unity.VisualScripting.YamlDotNet.dll
Symbol file LoadedFromMemory doesn't match image C:\Users\Tlamir\Documents\GitHub\HyperCasualGame\HyperCasualGame\Library\PackageCache\com.unity.visualscripting@1.6.1\Editor\VisualScripting.Core\Dependencies\DotNetZip\Unity.VisualScripting.IonicZip.dll
Native extension for WindowsStandalone target not found
Native extension for WebGL target not found
Refreshing native plugins compatible for Editor in 0.53 ms, found 3 plugins.
Preloading 0 native plugins for Editor in 0.00 ms.
Mono: successfully reloaded assembly
- Completed reload, in  1.217 seconds
Domain Reload Profiling:
	ReloadAssembly (1218ms)
		BeginReloadAssembly (183ms)
			ExecutionOrderSort (0ms)
			DisableScriptedObjects (5ms)
			BackupInstance (0ms)
			ReleaseScriptingObjects (0ms)
			CreateAndSetChildDomain (22ms)
		EndReloadAssembly (967ms)
			LoadAssemblies (94ms)
			RebuildTransferFunctionScriptingTraits (0ms)
			SetupTypeCache (350ms)
			ReleaseScriptCaches (1ms)
			RebuildScriptCaches (48ms)
			SetupLoadedEditorAssemblies (345ms)
				LogAssemblyErrors (0ms)
				InitializePlatformSupportModulesInManaged (6ms)
				SetLoadedEditorAssemblies (0ms)
				RefreshPlugins (1ms)
				BeforeProcessingInitializeOnLoad (70ms)
				ProcessInitializeOnLoadAttributes (257ms)
				ProcessInitializeOnLoadMethodAttributes (4ms)
				AfterProcessingInitializeOnLoad (7ms)
				EditorAssembliesLoaded (0ms)
			ExecutionOrderSort2 (0ms)
			AwakeInstancesAfterBackupRestoration (8ms)
Platform modules already initialized, skipping
========================================================================
Worker process is ready to serve import requests
Launched and connected shader compiler UnityShaderCompiler.exe after 0.04 seconds
Refreshing native plugins compatible for Editor in 0.55 ms, found 3 plugins.
Preloading 0 native plugins for Editor in 0.00 ms.
Unloading 2954 Unused Serialized files (Serialized files now loaded: 0)
System memory in use before: 118.5 MB.
System memory in use after: 118.7 MB.

Unloading 22 unused Assets to reduce memory usage. Loaded Objects now: 3416.
Total: 2.247000 ms (FindLiveObjects: 0.223600 ms CreateObjectMapping: 0.128200 ms MarkObjects: 1.832800 ms  DeleteObjects: 0.061100 ms)

AssetImportParameters requested are different than current active one (requested -> active):
  custom:framework-win-MediaFoundation: 216162199b28c13a410421893ffa2e32 -> 
  custom:video-decoder-ogg-theora: a1e56fd34408186e4bbccfd4996cb3dc -> 
  custom:container-muxer-webm: aa71ff27fc2769a1b78a27578f13a17b -> 
  custom:container-demuxer-webm: 4f35f7cbe854078d1ac9338744f61a02 -> 
  custom:container-demuxer-ogg: 62fdf1f143b41e24485cea50d1cbac27 -> 
  custom:video-encoder-webm-vp8: eb34c28f22e8b96e1ab97ce403110664 -> 
  custom:video-decoder-webm-vp8: 9c59270c3fd7afecdb556c50c9e8de78 -> 
  custom:audio-decoder-ogg-vorbis: bf7c407c2cedff20999df2af8eb42d56 -> 
  custom:audio-encoder-webm-vorbis: bf7c407c2cedff20999df2af8eb42d56 -> 
========================================================================
Received Import Request.
  path: Assets/Scenes/MainMenu.unity
  artifactKey: Guid(60cc00347ed3eb840a976ef5c480388b) Importer(815301076,1909f56bfc062723c751e8b465ee728b)
Start importing Assets/Scenes/MainMenu.unity using Guid(60cc00347ed3eb840a976ef5c480388b) Importer(815301076,1909f56bfc062723c751e8b465ee728b)  -> (artifact id: 'ccd6a7a2754c6a7bf8b51971b1a10775') in 0.016985 seconds 
========================================================================
Received Import Request.
  Time since last request: 38.937093 seconds.
  path: Assets/Prefabs/Hyper-casual Charcter.prefab
  artifactKey: Guid(cd491e44f33f7dd4eb593c7cd5c0b22a) Importer(815301076,1909f56bfc062723c751e8b465ee728b)
Start importing Assets/Prefabs/Hyper-casual Charcter.prefab using Guid(cd491e44f33f7dd4eb593c7cd5c0b22a) Importer(815301076,1909f56bfc062723c751e8b465ee728b)  -> (artifact id: 'f7acb70eb735f9fe1745461411b9316e') in 0.124607 seconds 
========================================================================
Received Prepare
Registering precompiled user dll's ...
Registered in 0.007266 seconds.
Begin MonoManager ReloadAssembly
Symbol file LoadedFromMemory doesn't match image C:\Users\Tlamir\Documents\GitHub\HyperCasualGame\HyperCasualGame\Library\PackageCache\com.unity.visualscripting@1.6.1\Editor\VisualScripting.Core\Dependencies\YamlDotNet\Unity.VisualScripting.YamlDotNet.dll
Symbol file LoadedFromMemory doesn't match image C:\Users\Tlamir\Documents\GitHub\HyperCasualGame\HyperCasualGame\Library\PackageCache\com.unity.visualscripting@1.6.1\Editor\VisualScripting.Core\Dependencies\DotNetZip\Unity.VisualScripting.IonicZip.dll
Native extension for WindowsStandalone target not found
Native extension for WebGL target not found
Refreshing native plugins compatible for Editor in 0.52 ms, found 3 plugins.
Preloading 0 native plugins for Editor in 0.00 ms.
Mono: successfully reloaded assembly
- Completed reload, in  1.209 seconds
Domain Reload Profiling:
	ReloadAssembly (1209ms)
		BeginReloadAssembly (140ms)
			ExecutionOrderSort (0ms)
			DisableScriptedObjects (4ms)
			BackupInstance (0ms)
			ReleaseScriptingObjects (0ms)
			CreateAndSetChildDomain (44ms)
		EndReloadAssembly (1003ms)
			LoadAssemblies (104ms)
			RebuildTransferFunctionScriptingTraits (0ms)
			SetupTypeCache (401ms)
			ReleaseScriptCaches (1ms)
			RebuildScriptCaches (46ms)
			SetupLoadedEditorAssemblies (337ms)
				LogAssemblyErrors (0ms)
				InitializePlatformSupportModulesInManaged (6ms)
				SetLoadedEditorAssemblies (0ms)
				RefreshPlugins (1ms)
				BeforeProcessingInitializeOnLoad (60ms)
				ProcessInitializeOnLoadAttributes (259ms)
				ProcessInitializeOnLoadMethodAttributes (4ms)
				AfterProcessingInitializeOnLoad (7ms)
				EditorAssembliesLoaded (0ms)
			ExecutionOrderSort2 (0ms)
			AwakeInstancesAfterBackupRestoration (7ms)
Platform modules already initialized, skipping
Switching build target platform(19) subTarget(0) extendedPlatform(0) -> platform(13) subTarget(537395200) extendedPlatform(0)
Refreshing native plugins compatible for Editor in 0.64 ms, found 3 plugins.
Preloading 0 native plugins for Editor in 0.00 ms.
Unloading 2952 Unused Serialized files (Serialized files now loaded: 0)
System memory in use before: 135.7 MB.
System memory in use after: 135.9 MB.

Unloading 18 unused Assets to reduce memory usage. Loaded Objects now: 3427.
Total: 3.057900 ms (FindLiveObjects: 0.740400 ms CreateObjectMapping: 0.277100 ms MarkObjects: 1.956200 ms  DeleteObjects: 0.081600 ms)

AssetImportParameters requested are different than current active one (requested -> active):
  custom:framework-win-MediaFoundation: 216162199b28c13a410421893ffa2e32 -> 
  custom:video-decoder-ogg-theora: a1e56fd34408186e4bbccfd4996cb3dc -> 
  custom:container-muxer-webm: aa71ff27fc2769a1b78a27578f13a17b -> 
  custom:container-demuxer-webm: 4f35f7cbe854078d1ac9338744f61a02 -> 
  custom:container-demuxer-ogg: 62fdf1f143b41e24485cea50d1cbac27 -> 
  custom:video-encoder-webm-vp8: eb34c28f22e8b96e1ab97ce403110664 -> 
  custom:video-decoder-webm-vp8: 9c59270c3fd7afecdb556c50c9e8de78 -> 
  custom:graphics/normal-map-encoding: 01000000000000000000000000000000 -> 02000000000000000000000000000000
  custom:audio-decoder-ogg-vorbis: bf7c407c2cedff20999df2af8eb42d56 -> 
  custom:audio-encoder-webm-vorbis: bf7c407c2cedff20999df2af8eb42d56 -> 
========================================================================
Received Prepare
Registering precompiled user dll's ...
Registered in 0.006067 seconds.
Begin MonoManager ReloadAssembly
Symbol file LoadedFromMemory doesn't match image C:\Users\Tlamir\Documents\GitHub\HyperCasualGame\HyperCasualGame\Library\PackageCache\com.unity.visualscripting@1.6.1\Editor\VisualScripting.Core\Dependencies\YamlDotNet\Unity.VisualScripting.YamlDotNet.dll
Symbol file LoadedFromMemory doesn't match image C:\Users\Tlamir\Documents\GitHub\HyperCasualGame\HyperCasualGame\Library\PackageCache\com.unity.visualscripting@1.6.1\Editor\VisualScripting.Core\Dependencies\DotNetZip\Unity.VisualScripting.IonicZip.dll
Native extension for WindowsStandalone target not found
Native extension for WebGL target not found
Refreshing native plugins compatible for Editor in 0.59 ms, found 3 plugins.
Preloading 0 native plugins for Editor in 0.00 ms.
Mono: successfully reloaded assembly
- Completed reload, in  1.097 seconds
Domain Reload Profiling:
	ReloadAssembly (1097ms)
		BeginReloadAssembly (118ms)
			ExecutionOrderSort (0ms)
			DisableScriptedObjects (5ms)
			BackupInstance (0ms)
			ReleaseScriptingObjects (0ms)
			CreateAndSetChildDomain (39ms)
		EndReloadAssembly (916ms)
			LoadAssemblies (94ms)
			RebuildTransferFunctionScriptingTraits (0ms)
			SetupTypeCache (351ms)
			ReleaseScriptCaches (1ms)
			RebuildScriptCaches (47ms)
			SetupLoadedEditorAssemblies (298ms)
				LogAssemblyErrors (0ms)
				InitializePlatformSupportModulesInManaged (7ms)
				SetLoadedEditorAssemblies (0ms)
				RefreshPlugins (1ms)
				BeforeProcessingInitializeOnLoad (53ms)
				ProcessInitializeOnLoadAttributes (226ms)
				ProcessInitializeOnLoadMethodAttributes (5ms)
				AfterProcessingInitializeOnLoad (6ms)
				EditorAssembliesLoaded (0ms)
			ExecutionOrderSort2 (0ms)
			AwakeInstancesAfterBackupRestoration (10ms)
Platform modules already initialized, skipping
Switching build target platform(19) subTarget(0) extendedPlatform(0) -> platform(13) subTarget(537395200) extendedPlatform(0)
Refreshing native plugins compatible for Editor in 0.58 ms, found 3 plugins.
Preloading 0 native plugins for Editor in 0.00 ms.
Unloading 2952 Unused Serialized files (Serialized files now loaded: 0)
System memory in use before: 135.7 MB.
System memory in use after: 135.9 MB.

Unloading 18 unused Assets to reduce memory usage. Loaded Objects now: 3430.
Total: 2.438700 ms (FindLiveObjects: 0.218900 ms CreateObjectMapping: 0.117500 ms MarkObjects: 2.057200 ms  DeleteObjects: 0.044100 ms)

AssetImportParameters requested are different than current active one (requested -> active):
  custom:framework-win-MediaFoundation: 216162199b28c13a410421893ffa2e32 -> 
  custom:video-decoder-ogg-theora: a1e56fd34408186e4bbccfd4996cb3dc -> 
  custom:container-muxer-webm: aa71ff27fc2769a1b78a27578f13a17b -> 
  custom:container-demuxer-webm: 4f35f7cbe854078d1ac9338744f61a02 -> 
  custom:container-demuxer-ogg: 62fdf1f143b41e24485cea50d1cbac27 -> 
  custom:video-encoder-webm-vp8: eb34c28f22e8b96e1ab97ce403110664 -> 
  custom:video-decoder-webm-vp8: 9c59270c3fd7afecdb556c50c9e8de78 -> 
  custom:graphics/normal-map-encoding: 01000000000000000000000000000000 -> 02000000000000000000000000000000
  custom:audio-decoder-ogg-vorbis: bf7c407c2cedff20999df2af8eb42d56 -> 
  custom:audio-encoder-webm-vorbis: bf7c407c2cedff20999df2af8eb42d56 -> 
========================================================================
Received Import Request.
  Time since last request: 476.867156 seconds.
  path: Assets/ImportedAssets/ChristmasCookies/Textures/cookie/Cookie2_NORMAL.png
  artifactKey: Guid(e91562a7f5057b848a26e60f6a780a0b) Importer(815301076,1909f56bfc062723c751e8b465ee728b)
Start importing Assets/ImportedAssets/ChristmasCookies/Textures/cookie/Cookie2_NORMAL.png using Guid(e91562a7f5057b848a26e60f6a780a0b) Importer(815301076,1909f56bfc062723c751e8b465ee728b)  -> (artifact id: 'db495c2b290090312f5391e2b29421df') in 0.160810 seconds 
========================================================================
Received Import Request.
  Time since last request: 0.000224 seconds.
  path: Assets/ImportedAssets/ChristmasCookies/Textures/cookie/Cookie3_DIFFUSE.png
  artifactKey: Guid(6e6c41f5b8a2a054c8e47a9002821c8d) Importer(815301076,1909f56bfc062723c751e8b465ee728b)
Start importing Assets/ImportedAssets/ChristmasCookies/Textures/cookie/Cookie3_DIFFUSE.png using Guid(6e6c41f5b8a2a054c8e47a9002821c8d) Importer(815301076,1909f56bfc062723c751e8b465ee728b)  -> (artifact id: '7cb72b94dcdea155edb87b74752f064c') in 0.057972 seconds 
========================================================================
Received Import Request.
  Time since last request: 0.000452 seconds.
  path: Assets/ImportedAssets/ChristmasCookies/Textures/cookie/Cookie3_DISP.png
  artifactKey: Guid(c6cd970fdb09aa948a3269968adf87c1) Importer(815301076,1909f56bfc062723c751e8b465ee728b)
Start importing Assets/ImportedAssets/ChristmasCookies/Textures/cookie/Cookie3_DISP.png using Guid(c6cd970fdb09aa948a3269968adf87c1) Importer(815301076,1909f56bfc062723c751e8b465ee728b)  -> (artifact id: '05bb3cd9c917ad92d48b48a1e00eb18a') in 0.056675 seconds 
========================================================================
Received Import Request.
  Time since last request: 0.000371 seconds.
  path: Assets/ImportedAssets/ChristmasCookies/Textures/cookie/Cookie3_NORMAL.png
  artifactKey: Guid(0a08c74d87ebc2343902ca0b28dc2b52) Importer(815301076,1909f56bfc062723c751e8b465ee728b)
Start importing Assets/ImportedAssets/ChristmasCookies/Textures/cookie/Cookie3_NORMAL.png using Guid(0a08c74d87ebc2343902ca0b28dc2b52) Importer(815301076,1909f56bfc062723c751e8b465ee728b)  -> (artifact id: '7575bac8914d1aa47175f1a49ea6ff05') in 0.058380 seconds 
========================================================================
Received Import Request.
  Time since last request: 20.761024 seconds.
  path: Assets/ImportedAssets/ChristmasCookies/Optimized/Textures/cookie/Cookie_bear.png
  artifactKey: Guid(573d67e2d6c16f144a37bf328ed135ab) Importer(815301076,1909f56bfc062723c751e8b465ee728b)
Start importing Assets/ImportedAssets/ChristmasCookies/Optimized/Textures/cookie/Cookie_bear.png using Guid(573d67e2d6c16f144a37bf328ed135ab) Importer(815301076,1909f56bfc062723c751e8b465ee728b)  -> (artifact id: 'd5c5e4bf79d82b52aaee2c540cfb54cc') in 0.043295 seconds 
========================================================================
Received Import Request.
  Time since last request: 0.000324 seconds.
  path: Assets/ImportedAssets/ChristmasCookies/Textures/cookie/Cookie_bear_DISP.png
  artifactKey: Guid(ca8f02dbfdf218142b647aa70e9c3986) Importer(815301076,1909f56bfc062723c751e8b465ee728b)
Start importing Assets/ImportedAssets/ChristmasCookies/Textures/cookie/Cookie_bear_DISP.png using Guid(ca8f02dbfdf218142b647aa70e9c3986) Importer(815301076,1909f56bfc062723c751e8b465ee728b)  -> (artifact id: '689e43d918f0ca4f3d002b546dc48c62') in 0.064879 seconds 
========================================================================
Received Import Request.
  Time since last request: 0.000313 seconds.
  path: Assets/ImportedAssets/ChristmasCookies/Textures/cookie/Cookie_bear_NORMAL.png
  artifactKey: Guid(6392077aa3535794286da09bd96d931d) Importer(815301076,1909f56bfc062723c751e8b465ee728b)
Start importing Assets/ImportedAssets/ChristmasCookies/Textures/cookie/Cookie_bear_NORMAL.png using Guid(6392077aa3535794286da09bd96d931d) Importer(815301076,1909f56bfc062723c751e8b465ee728b)  -> (artifact id: '6dadefdb877982fe2b18650416a4e54d') in 0.052908 seconds 
========================================================================
Received Import Request.
  Time since last request: 0.000250 seconds.
  path: Assets/ImportedAssets/ChristmasCookies/Textures/cookie/Cookie_bear.png
  artifactKey: Guid(6e9ca5705edf98d4db7a8c9919ebf21f) Importer(815301076,1909f56bfc062723c751e8b465ee728b)
Start importing Assets/ImportedAssets/ChristmasCookies/Textures/cookie/Cookie_bear.png using Guid(6e9ca5705edf98d4db7a8c9919ebf21f) Importer(815301076,1909f56bfc062723c751e8b465ee728b)  -> (artifact id: 'a8042a5fefd6020367d255985740f5d1') in 0.051895 seconds 
========================================================================
Received Import Request.
  Time since last request: 0.000325 seconds.
  path: Assets/ImportedAssets/ChristmasCookies/Textures/cookie/Cookie_DIFFUSE.png
  artifactKey: Guid(36c0b17bb18cc1a499ada4a1157756fb) Importer(815301076,1909f56bfc062723c751e8b465ee728b)
Start importing Assets/ImportedAssets/ChristmasCookies/Textures/cookie/Cookie_DIFFUSE.png using Guid(36c0b17bb18cc1a499ada4a1157756fb) Importer(815301076,1909f56bfc062723c751e8b465ee728b)  -> (artifact id: 'd8fdf68ca8c2840d7308d9168436b5df') in 0.052889 seconds 
========================================================================
Received Import Request.
  Time since last request: 0.135923 seconds.
  path: Assets/ImportedAssets/ChristmasCookies/Textures/cookie/Cookie_DISP.png
  artifactKey: Guid(92faf2d297fe9f94cb410b20e4968a22) Importer(815301076,1909f56bfc062723c751e8b465ee728b)
Start importing Assets/ImportedAssets/ChristmasCookies/Textures/cookie/Cookie_DISP.png using Guid(92faf2d297fe9f94cb410b20e4968a22) Importer(815301076,1909f56bfc062723c751e8b465ee728b)  -> (artifact id: '46cf6c0f6e7cefa3fdd06bbe75345d18') in 0.062865 seconds 
========================================================================
Received Import Request.
  Time since last request: 0.000293 seconds.
  path: Assets/ImportedAssets/ChristmasCookies/Textures/cookie/Cookie_man.png
  artifactKey: Guid(3a944353f6dc3cd45a0854c3fa62dac9) Importer(815301076,1909f56bfc062723c751e8b465ee728b)
Start importing Assets/ImportedAssets/ChristmasCookies/Textures/cookie/Cookie_man.png using Guid(3a944353f6dc3cd45a0854c3fa62dac9) Importer(815301076,1909f56bfc062723c751e8b465ee728b)  -> (artifact id: '3e7901628819f49e17945821fefbcc85') in 0.051949 seconds 
========================================================================
Received Import Request.
  Time since last request: 0.000243 seconds.
  path: Assets/ImportedAssets/ChristmasCookies/Textures/cookie/Cookie_man_DISP.png
  artifactKey: Guid(3e8a3aeeb12aa5446b981ac09d36ce06) Importer(815301076,1909f56bfc062723c751e8b465ee728b)
Start importing Assets/ImportedAssets/ChristmasCookies/Textures/cookie/Cookie_man_DISP.png using Guid(3e8a3aeeb12aa5446b981ac09d36ce06) Importer(815301076,1909f56bfc062723c751e8b465ee728b)  -> (artifact id: 'e69791bf0cd5abb5b70c9be406820c5a') in 0.059450 seconds 
========================================================================
Received Import Request.
  Time since last request: 0.000300 seconds.
  path: Assets/ImportedAssets/ChristmasCookies/Textures/cookie/Cookie_tree.png
  artifactKey: Guid(3909e615b309c5a478d979dfc39356e0) Importer(815301076,1909f56bfc062723c751e8b465ee728b)
Start importing Assets/ImportedAssets/ChristmasCookies/Textures/cookie/Cookie_tree.png using Guid(3909e615b309c5a478d979dfc39356e0) Importer(815301076,1909f56bfc062723c751e8b465ee728b)  -> (artifact id: '231846c555b0c4a55d0fcebe5871aa67') in 0.051452 seconds 
========================================================================
Received Import Request.
  Time since last request: 0.000205 seconds.
  path: Assets/ImportedAssets/ChristmasCookies/Textures/cookie/Cookie_man_NORMAL.png
  artifactKey: Guid(e64d6ffe4f2bcd849b06a03c9d595b4e) Importer(815301076,1909f56bfc062723c751e8b465ee728b)
Start importing Assets/ImportedAssets/ChristmasCookies/Textures/cookie/Cookie_man_NORMAL.png using Guid(e64d6ffe4f2bcd849b06a03c9d595b4e) Importer(815301076,1909f56bfc062723c751e8b465ee728b)  -> (artifact id: '5f4ab4468e483b5165737830b0d16110') in 0.051552 seconds 
========================================================================
Received Import Request.
  Time since last request: 0.000280 seconds.
  path: Assets/ImportedAssets/ChristmasCookies/Optimized/Textures/cookie/Cookie_tree.png
  artifactKey: Guid(7c8be9e8853c6dc47bfd17c6b3dbc2cd) Importer(815301076,1909f56bfc062723c751e8b465ee728b)
Start importing Assets/ImportedAssets/ChristmasCookies/Optimized/Textures/cookie/Cookie_tree.png using Guid(7c8be9e8853c6dc47bfd17c6b3dbc2cd) Importer(815301076,1909f56bfc062723c751e8b465ee728b)  -> (artifact id: '06fdd61ce1e446ab2e29ce55a7e65d5a') in 0.014668 seconds 
========================================================================
Received Import Request.
  Time since last request: 0.000294 seconds.
  path: Assets/ImportedAssets/ChristmasCookies/Textures/cookie/Cookie_tree2.png
  artifactKey: Guid(ee08ddef6dee3714b8e3b8c5e80942c7) Importer(815301076,1909f56bfc062723c751e8b465ee728b)
Start importing Assets/ImportedAssets/ChristmasCookies/Textures/cookie/Cookie_tree2.png using Guid(ee08ddef6dee3714b8e3b8c5e80942c7) Importer(815301076,1909f56bfc062723c751e8b465ee728b)  -> (artifact id: 'f7638e9068191bf2af777316a186fe36') in 0.054438 seconds 
========================================================================
Received Import Request.
  Time since last request: 0.000193 seconds.
  path: Assets/ImportedAssets/ChristmasCookies/Optimized/Textures/cookie/Cookie_man.png
  artifactKey: Guid(b6f88e4b5aa9c504d972a7e1f7b8a628) Importer(815301076,1909f56bfc062723c751e8b465ee728b)
Start importing Assets/ImportedAssets/ChristmasCookies/Optimized/Textures/cookie/Cookie_man.png using Guid(b6f88e4b5aa9c504d972a7e1f7b8a628) Importer(815301076,1909f56bfc062723c751e8b465ee728b)  -> (artifact id: 'ce0298b569e7edf598c2e47bc942e0d0') in 0.014795 seconds 
========================================================================
Received Import Request.
  Time since last request: 0.000319 seconds.
  path: Assets/ImportedAssets/ChristmasCookies/Textures/cookie/Cookie_NORMAL.png
  artifactKey: Guid(4335ce3e9d344eb4bbd082ccc73cc2c6) Importer(815301076,1909f56bfc062723c751e8b465ee728b)
Start importing Assets/ImportedAssets/ChristmasCookies/Textures/cookie/Cookie_NORMAL.png using Guid(4335ce3e9d344eb4bbd082ccc73cc2c6) Importer(815301076,1909f56bfc062723c751e8b465ee728b)  -> (artifact id: 'cabec438d827044b5dcfece793ab246d') in 0.059172 seconds 
========================================================================
Received Import Request.
  Time since last request: 0.000388 seconds.
  path: Assets/Scenes/Level3/ReflectionProbe-0.exr
  artifactKey: Guid(bce7deb8b467cf84cae23e067562fd6e) Importer(815301076,1909f56bfc062723c751e8b465ee728b)
Start importing Assets/Scenes/Level3/ReflectionProbe-0.exr using Guid(bce7deb8b467cf84cae23e067562fd6e) Importer(815301076,1909f56bfc062723c751e8b465ee728b)  -> (artifact id: 'aa84a413fb5342a3392f15a2a39a3d19') in 0.046741 seconds 
========================================================================
Received Import Request.
  Time since last request: 0.000234 seconds.
  path: Assets/ImportedAssets/ChristmasCookies/Textures/cookie/Cookie_tree_NORMAL.png
  artifactKey: Guid(acebc1959414210429522fc1c6c36af3) Importer(815301076,1909f56bfc062723c751e8b465ee728b)
Start importing Assets/ImportedAssets/ChristmasCookies/Textures/cookie/Cookie_tree_NORMAL.png using Guid(acebc1959414210429522fc1c6c36af3) Importer(815301076,1909f56bfc062723c751e8b465ee728b)  -> (artifact id: '74bdf1477ee8366c310164af66141197') in 0.056452 seconds 
========================================================================
Received Import Request.
  Time since last request: 0.000576 seconds.
  path: Assets/Scenes/Level1/ReflectionProbe-0.exr
  artifactKey: Guid(5c907fae6991f09489ff33981786d16a) Importer(815301076,1909f56bfc062723c751e8b465ee728b)
Start importing Assets/Scenes/Level1/ReflectionProbe-0.exr using Guid(5c907fae6991f09489ff33981786d16a) Importer(815301076,1909f56bfc062723c751e8b465ee728b)  -> (artifact id: '584ff8f9ab48eb0aedd4dcd3a53e97be') in 0.016727 seconds 
========================================================================
Received Import Request.
  Time since last request: 0.000511 seconds.
  path: Assets/Scenes/Level5/ReflectionProbe-0.exr
  artifactKey: Guid(b3e2b79ec674cb9419fcc51b20300b9a) Importer(815301076,1909f56bfc062723c751e8b465ee728b)
Start importing Assets/Scenes/Level5/ReflectionProbe-0.exr using Guid(b3e2b79ec674cb9419fcc51b20300b9a) Importer(815301076,1909f56bfc062723c751e8b465ee728b)  -> (artifact id: 'b2445a69fd4210abf0f33bf0e4ca376d') in 0.019248 seconds 
========================================================================
Received Import Request.
  Time since last request: 0.000381 seconds.
  path: Assets/Scenes/Level4/ReflectionProbe-0.exr
  artifactKey: Guid(22896ec2245269546817994a7019096f) Importer(815301076,1909f56bfc062723c751e8b465ee728b)
Start importing Assets/Scenes/Level4/ReflectionProbe-0.exr using Guid(22896ec2245269546817994a7019096f) Importer(815301076,1909f56bfc062723c751e8b465ee728b)  -> (artifact id: '05148151cb633b6e2624f011b0fd66b7') in 0.016961 seconds 
========================================================================
Received Import Request.
  Time since last request: 0.000856 seconds.
  path: Assets/ImportedAssets/ChristmasCookies/Textures/cookie/Cookie_tree2_NORMAL.png
  artifactKey: Guid(9a453b62deb17374081e7670a5f5cf3e) Importer(815301076,1909f56bfc062723c751e8b465ee728b)
Start importing Assets/ImportedAssets/ChristmasCookies/Textures/cookie/Cookie_tree2_NORMAL.png using Guid(9a453b62deb17374081e7670a5f5cf3e) Importer(815301076,1909f56bfc062723c751e8b465ee728b)  -> (artifact id: 'e43f89e359b8a9d0d495f6ca4461e9bd') in 0.059390 seconds 
========================================================================
Received Import Request.
  Time since last request: 0.000262 seconds.
  path: Assets/Scenes/MainMenu/ReflectionProbe-0.exr
  artifactKey: Guid(732f0a1f94cd93b49b3e6c8991b74185) Importer(815301076,1909f56bfc062723c751e8b465ee728b)
Start importing Assets/Scenes/MainMenu/ReflectionProbe-0.exr using Guid(732f0a1f94cd93b49b3e6c8991b74185) Importer(815301076,1909f56bfc062723c751e8b465ee728b)  -> (artifact id: '7af813f5847952e712ea9a5241f39f25') in 0.016457 seconds 
========================================================================
Received Import Request.
  Time since last request: 0.000293 seconds.
  path: Assets/Images/—Pngtree—vector double arrow icon_4224303.png
  artifactKey: Guid(7232d1e8868f3084197d7c78ec35751e) Importer(815301076,1909f56bfc062723c751e8b465ee728b)
Start importing Assets/Images/—Pngtree—vector double arrow icon_4224303.png using Guid(7232d1e8868f3084197d7c78ec35751e) Importer(815301076,1909f56bfc062723c751e8b465ee728b)  -> (artifact id: 'b1ea7e45d9a37b72cce994addeba2a12') in 0.031792 seconds 
========================================================================
Received Import Request.
  Time since last request: 0.000234 seconds.
  path: Assets/Scenes/Level8/ReflectionProbe-0.exr
  artifactKey: Guid(87db6b773a3045c4d9400c6d705d071d) Importer(815301076,1909f56bfc062723c751e8b465ee728b)
Start importing Assets/Scenes/Level8/ReflectionProbe-0.exr using Guid(87db6b773a3045c4d9400c6d705d071d) Importer(815301076,1909f56bfc062723c751e8b465ee728b)  -> (artifact id: '11fd79d0d373b8755f430763747dbb7c') in 0.013685 seconds 
========================================================================
Received Import Request.
  Time since last request: 0.000292 seconds.
  path: Assets/Scenes/Level7/ReflectionProbe-0.exr
  artifactKey: Guid(46cc8a253a18dce45a4e6785930d9103) Importer(815301076,1909f56bfc062723c751e8b465ee728b)
Start importing Assets/Scenes/Level7/ReflectionProbe-0.exr using Guid(46cc8a253a18dce45a4e6785930d9103) Importer(815301076,1909f56bfc062723c751e8b465ee728b)  -> (artifact id: '7acd02f75f61c732e8bf6401bf16b18a') in 0.013085 seconds 
========================================================================
Received Import Request.
  Time since last request: 0.000263 seconds.
  path: Assets/ImportedAssets/Course Library/_Source_Files/Textures/SimpleForestAnimalsTexture.png
  artifactKey: Guid(0e3dc26e089775e48968e91f860ff20c) Importer(815301076,1909f56bfc062723c751e8b465ee728b)
Start importing Assets/ImportedAssets/Course Library/_Source_Files/Textures/SimpleForestAnimalsTexture.png using Guid(0e3dc26e089775e48968e91f860ff20c) Importer(815301076,1909f56bfc062723c751e8b465ee728b)  -> (artifact id: '7c29040001d07e3f702963ff45e93a0c') in 0.022512 seconds 
========================================================================
Received Import Request.
  Time since last request: 0.000319 seconds.
  path: Assets/Scenes/Level10/ReflectionProbe-0.exr
  artifactKey: Guid(29677ae6d6b3f4d49aec68eb84ea6ce6) Importer(815301076,1909f56bfc062723c751e8b465ee728b)
Start importing Assets/Scenes/Level10/ReflectionProbe-0.exr using Guid(29677ae6d6b3f4d49aec68eb84ea6ce6) Importer(815301076,1909f56bfc062723c751e8b465ee728b)  -> (artifact id: 'cee60784cd5092c235a270ba045d4beb') in 0.011947 seconds 
========================================================================
Received Import Request.
  Time since last request: 0.000230 seconds.
  path: Assets/ImportedAssets/ChristmasCookies/Textures/cookie/Cookie_tree_DISP.png
  artifactKey: Guid(5bd220cc6984c4a41887739893d13003) Importer(815301076,1909f56bfc062723c751e8b465ee728b)
Start importing Assets/ImportedAssets/ChristmasCookies/Textures/cookie/Cookie_tree_DISP.png using Guid(5bd220cc6984c4a41887739893d13003) Importer(815301076,1909f56bfc062723c751e8b465ee728b)  -> (artifact id: 'c29001cafbc99487a2684d4de43aeb0c') in 0.048350 seconds 
========================================================================
Received Import Request.
  Time since last request: 0.000207 seconds.
  path: Assets/Scenes/Level9/ReflectionProbe-0.exr
  artifactKey: Guid(f1e0ea5845006e241b9b81a54d29eb5e) Importer(815301076,1909f56bfc062723c751e8b465ee728b)
Start importing Assets/Scenes/Level9/ReflectionProbe-0.exr using Guid(f1e0ea5845006e241b9b81a54d29eb5e) Importer(815301076,1909f56bfc062723c751e8b465ee728b)  -> (artifact id: '0cfcb5f59e76a95bb1e0fb39c37be0c7') in 0.013108 seconds 
========================================================================
Received Import Request.
  Time since last request: 0.000241 seconds.
  path: Assets/ImportedAssets/ChristmasCookies/Optimized/Textures/cookie/Cookie_tree2.png
  artifactKey: Guid(c16c1ee71014ecd4dbf4ce32da3d607c) Importer(815301076,1909f56bfc062723c751e8b465ee728b)
Start importing Assets/ImportedAssets/ChristmasCookies/Optimized/Textures/cookie/Cookie_tree2.png using Guid(c16c1ee71014ecd4dbf4ce32da3d607c) Importer(815301076,1909f56bfc062723c751e8b465ee728b)  -> (artifact id: '98db4dfcee26330aa3013b3924bf76cb') in 0.018869 seconds 
========================================================================
Received Import Request.
  Time since last request: 0.000287 seconds.
  path: Assets/Scenes/Level2/ReflectionProbe-0.exr
  artifactKey: Guid(c070e5b0148361f479c46e32dfa25478) Importer(815301076,1909f56bfc062723c751e8b465ee728b)
Start importing Assets/Scenes/Level2/ReflectionProbe-0.exr using Guid(c070e5b0148361f479c46e32dfa25478) Importer(815301076,1909f56bfc062723c751e8b465ee728b)  -> (artifact id: 'b8746a2fd2db44f601131e30269dfe5c') in 0.012354 seconds 
========================================================================
Received Import Request.
  Time since last request: 19.771726 seconds.
  path: Assets/Icons
  artifactKey: Guid(c63ed962fa327d54e9ce3eeee254aece) Importer(815301076,1909f56bfc062723c751e8b465ee728b)
Start importing Assets/Icons using Guid(c63ed962fa327d54e9ce3eeee254aece) Importer(815301076,1909f56bfc062723c751e8b465ee728b)  -> (artifact id: '7b17c1ee392bc945c32dd7679a323fdd') in 0.006062 seconds 
========================================================================
Received Import Request.
  Time since last request: 132.942763 seconds.
  path: Assets/ImportedAssets/ChristmasCookies/Textures/cookie/Cookie_tree2_DISP.png
  artifactKey: Guid(763b6c5f1bf01534cb8ce65a8c497119) Importer(815301076,1909f56bfc062723c751e8b465ee728b)
Start importing Assets/ImportedAssets/ChristmasCookies/Textures/cookie/Cookie_tree2_DISP.png using Guid(763b6c5f1bf01534cb8ce65a8c497119) Importer(815301076,1909f56bfc062723c751e8b465ee728b)  -> (artifact id: '8ffec55578b0805bf9a349a2301ff499') in 0.064846 seconds 
========================================================================
Received Import Request.
  Time since last request: 0.000356 seconds.
  path: Assets/Icons/Icon-144.png
  artifactKey: Guid(9974070c9a8f5f443955f6fb0b322c20) Importer(815301076,1909f56bfc062723c751e8b465ee728b)
Start importing Assets/Icons/Icon-144.png using Guid(9974070c9a8f5f443955f6fb0b322c20) Importer(815301076,1909f56bfc062723c751e8b465ee728b)  -> (artifact id: '3949f8701c65428d614dc232cb83c5ea') in 0.015905 seconds 
========================================================================
Received Import Request.
  Time since last request: 0.000351 seconds.
  path: Assets/Icons/Icon-96.png
  artifactKey: Guid(e5edb510d0639ba4bbb1cd1069f5305f) Importer(815301076,1909f56bfc062723c751e8b465ee728b)
Start importing Assets/Icons/Icon-96.png using Guid(e5edb510d0639ba4bbb1cd1069f5305f) Importer(815301076,1909f56bfc062723c751e8b465ee728b)  -> (artifact id: '42f97b96c4c18e945d63007ac064765d') in 0.012395 seconds 
========================================================================
Received Import Request.
  Time since last request: 0.000368 seconds.
  path: Assets/Icons/Icon-72.png
  artifactKey: Guid(e9f6f3927254f0544afd38a6eaf850f6) Importer(815301076,1909f56bfc062723c751e8b465ee728b)
Start importing Assets/Icons/Icon-72.png using Guid(e9f6f3927254f0544afd38a6eaf850f6) Importer(815301076,1909f56bfc062723c751e8b465ee728b)  -> (artifact id: '6fd1ba8d4e813ebf7d576f4c68fbbb65') in 0.014847 seconds 
========================================================================
Received Import Request.
  Time since last request: 0.157547 seconds.
  path: Assets/Icons/Icon-192.png
  artifactKey: Guid(442fcc17ca5b5da49b82a431fd288b86) Importer(815301076,1909f56bfc062723c751e8b465ee728b)
Start importing Assets/Icons/Icon-192.png using Guid(442fcc17ca5b5da49b82a431fd288b86) Importer(815301076,1909f56bfc062723c751e8b465ee728b)  -> (artifact id: '08ce06c1cd0d31f0cc6082f08a239c37') in 0.016912 seconds 
========================================================================
Received Import Request.
  Time since last request: 0.000423 seconds.
  path: Assets/Scenes/Level6/ReflectionProbe-0.exr
  artifactKey: Guid(77395b78d4f5fcd42a26f63d44684cb8) Importer(815301076,1909f56bfc062723c751e8b465ee728b)
Start importing Assets/Scenes/Level6/ReflectionProbe-0.exr using Guid(77395b78d4f5fcd42a26f63d44684cb8) Importer(815301076,1909f56bfc062723c751e8b465ee728b)  -> (artifact id: '005f8ad3c3a765b548cf9f9be07c473a') in 0.015593 seconds 
========================================================================
Received Import Request.
  Time since last request: 99.173697 seconds.
  path: Assets/Icons/Icon-512.png
  artifactKey: Guid(491d5128c6b3cb346925aeb87ab0fcf8) Importer(815301076,1909f56bfc062723c751e8b465ee728b)
Start importing Assets/Icons/Icon-512.png using Guid(491d5128c6b3cb346925aeb87ab0fcf8) Importer(815301076,1909f56bfc062723c751e8b465ee728b)  -> (artifact id: '99593d89a2931e1e31d8f283b1eeaf73') in 0.021641 seconds 
========================================================================
Received Prepare
Refreshing native plugins compatible for Editor in 4.71 ms, found 3 plugins.
Preloading 0 native plugins for Editor in 0.00 ms.
Unloading 16 Unused Serialized files (Serialized files now loaded: 0)
System memory in use before: 78.6 MB.
System memory in use after: 78.8 MB.

Unloading 16 unused Assets to reduce memory usage. Loaded Objects now: 3499.
Total: 4.833800 ms (FindLiveObjects: 0.404700 ms CreateObjectMapping: 0.269900 ms MarkObjects: 4.077500 ms  DeleteObjects: 0.080500 ms)

AssetImportParameters requested are different than current active one (requested -> active):
  custom:framework-win-MediaFoundation: 216162199b28c13a410421893ffa2e32 -> 
  custom:video-decoder-ogg-theora: a1e56fd34408186e4bbccfd4996cb3dc -> 
  custom:container-muxer-webm: aa71ff27fc2769a1b78a27578f13a17b -> 
  custom:container-demuxer-webm: 4f35f7cbe854078d1ac9338744f61a02 -> 
  custom:container-demuxer-ogg: 62fdf1f143b41e24485cea50d1cbac27 -> 
  custom:video-encoder-webm-vp8: eb34c28f22e8b96e1ab97ce403110664 -> 
  custom:video-decoder-webm-vp8: 9c59270c3fd7afecdb556c50c9e8de78 -> 
  custom:audio-decoder-ogg-vorbis: bf7c407c2cedff20999df2af8eb42d56 -> 
  custom:audio-encoder-webm-vorbis: bf7c407c2cedff20999df2af8eb42d56 -> 
